[debug] [2023-01-10T16:23:10.464Z] ----------------------------------------------------------------------
[debug] [2023-01-10T16:23:10.465Z] Command:       C:\Program Files\nodejs\node.exe C:\Users\19mat\AppData\Roaming\npm\node_modules\firebase-tools\lib\bin\firebase.js init
[debug] [2023-01-10T16:23:10.466Z] CLI Version:   11.20.0
[debug] [2023-01-10T16:23:10.466Z] Platform:      win32
[debug] [2023-01-10T16:23:10.466Z] Node Version:  v16.17.0
[debug] [2023-01-10T16:23:10.467Z] Time:          Tue Jan 10 2023 17:23:10 GMT+0100 (Central European Standard Time)
[debug] [2023-01-10T16:23:10.467Z] ----------------------------------------------------------------------
[debug] 
[debug] [2023-01-10T16:23:10.471Z] >>> [apiv2][query] GET https://firebase-public.firebaseio.com/cli.json [none]
[debug] [2023-01-10T16:23:10.491Z] > command requires scopes: ["email","openid","https://www.googleapis.com/auth/cloudplatformprojects.readonly","https://www.googleapis.com/auth/firebase","https://www.googleapis.com/auth/cloud-platform"]
[debug] [2023-01-10T16:23:10.491Z] > authorizing via signed-in user (letsdevelopthatapp@gmail.com)
[info] 
     ######## #### ########  ######## ########     ###     ######  ########
     ##        ##  ##     ## ##       ##     ##  ##   ##  ##       ##
     ######    ##  ########  ######   ########  #########  ######  ######
     ##        ##  ##    ##  ##       ##     ## ##     ##       ## ##
     ##       #### ##     ## ######## ########  ##     ##  ######  ########

You're about to initialize a Firebase project in this directory:

  C:\Users\19mat\work\brainy\brain

[debug] [2023-01-10T16:23:10.844Z] <<< [apiv2][status] GET https://firebase-public.firebaseio.com/cli.json 200
[debug] [2023-01-10T16:23:10.845Z] <<< [apiv2][body] GET https://firebase-public.firebaseio.com/cli.json {"cloudBuildErrorAfter":1594252800000,"cloudBuildWarnAfter":1590019200000,"defaultNode10After":1594252800000,"minVersion":"3.0.5","node8DeploysDisabledAfter":1613390400000,"node8RuntimeDisabledAfter":1615809600000,"node8WarnAfter":1600128000000}
